<?xml version="1.0" encoding="UTF-8"?>
<testng-results ignored="0" total="1" passed="1" failed="0" skipped="0">
  <reporter-output>
  </reporter-output>
  <suite started-at="2023-10-04T05:35:31 IST" name="Default suite" finished-at="2023-10-04T05:35:34 IST" duration-ms="3257">
    <groups>
    </groups>
    <test started-at="2023-10-04T05:35:31 IST" name="Default test" finished-at="2023-10-04T05:35:34 IST" duration-ms="3257">
      <class name="com.obsqura.RMart.testscript.AdminUserCreationTest">
        <test-method is-config="true" signature="initialiseBrowser()[pri:0, instance:com.obsqura.RMart.testscript.AdminUserCreationTest@38cee291]" started-at="2023-10-04T05:35:31 IST" name="initialiseBrowser" finished-at="2023-10-04T05:35:33 IST" duration-ms="1716" status="PASS">
          <reporter-output>
          </reporter-output>
        </test-method> <!-- initialiseBrowser -->
        <test-method signature="verifyUserIsAbleToCreateNewAdminUser()[pri:0, instance:com.obsqura.RMart.testscript.AdminUserCreationTest@38cee291]" started-at="2023-10-04T05:35:33 IST" name="verifyUserIsAbleToCreateNewAdminUser" finished-at="2023-10-04T05:35:34 IST" duration-ms="1405" status="PASS">
          <reporter-output>
          </reporter-output>
        </test-method> <!-- verifyUserIsAbleToCreateNewAdminUser -->
        <test-method is-config="true" signature="driverCloseOrQuit()[pri:0, instance:com.obsqura.RMart.testscript.AdminUserCreationTest@38cee291]" started-at="2023-10-04T05:35:34 IST" name="driverCloseOrQuit" finished-at="2023-10-04T05:35:34 IST" duration-ms="118" status="PASS">
          <reporter-output>
          </reporter-output>
        </test-method> <!-- driverCloseOrQuit -->
      </class> <!-- com.obsqura.RMart.testscript.AdminUserCreationTest -->
    </test> <!-- Default test -->
  </suite> <!-- Default suite -->
</testng-results>
